<?xml version="1.0" encoding="UTF-8"?>
<!-- Generated by org.testng.reporters.JUnitXMLReporter -->
<testsuite ignored="2" hostname="aragarwa01-mac" failures="0" tests="2" name="Test" time="0.033" errors="0" timestamp="2021-08-03T23:25:26 IST">
  <testcase classname="Grouping.TestNgGroupsDemo" name="test1" time="0.005"/>
  <testcase classname="Grouping.TestNgGroupsDemo" name="test3" time="0.0"/>
  <testcase classname="Grouping.TestNgGroupsDemo" name="test2" time="0.0">
    <ignored/>
  </testcase> <!-- test2 -->
  <testcase classname="Grouping.TestNgGroupsDemo" name="test4" time="0.0">
    <ignored/>
  </testcase> <!-- test4 -->
</testsuite> <!-- Test -->
